{"/Users/adamchow/Documents/workspace/Airwallex/Airwallex-test/src/index.tsx": {"path":"/Users/adamchow/Documents/workspace/Airwallex/Airwallex-test/src/index.tsx","statementMap":{"0":{"start":{"line":7,"column":13},"end":{"line":9,"column":1}},"1":{"start":{"line":10,"column":0},"end":{"line":14,"column":2}},"2":{"start":{"line":19,"column":0},"end":{"line":19,"column":18}}},"fnMap":{},"branchMap":{},"s":{"0":0,"1":0,"2":0},"f":{},"b":{}}
,"/Users/adamchow/Documents/workspace/Airwallex/Airwallex-test/src/reportWebVitals.ts": {"path":"/Users/adamchow/Documents/workspace/Airwallex/Airwallex-test/src/reportWebVitals.ts","statementMap":{"0":{"start":{"line":3,"column":24},"end":{"line":13,"column":1}},"1":{"start":{"line":4,"column":4},"end":{"line":12,"column":5}},"2":{"start":{"line":5,"column":8},"end":{"line":11,"column":11}},"3":{"start":{"line":6,"column":12},"end":{"line":6,"column":32}},"4":{"start":{"line":7,"column":12},"end":{"line":7,"column":32}},"5":{"start":{"line":8,"column":12},"end":{"line":8,"column":32}},"6":{"start":{"line":9,"column":12},"end":{"line":9,"column":32}},"7":{"start":{"line":10,"column":12},"end":{"line":10,"column":33}}},"fnMap":{"0":{"name":"(anonymous_0)","decl":{"start":{"line":3,"column":24},"end":{"line":3,"column":25}},"loc":{"start":{"line":3,"column":57},"end":{"line":13,"column":1}},"line":3},"1":{"name":"(anonymous_1)","decl":{"start":{"line":5,"column":34},"end":{"line":5,"column":35}},"loc":{"start":{"line":5,"column":83},"end":{"line":11,"column":9}},"line":5}},"branchMap":{"0":{"loc":{"start":{"line":4,"column":4},"end":{"line":12,"column":5}},"type":"if","locations":[{"start":{"line":4,"column":4},"end":{"line":12,"column":5}},{"start":{},"end":{}}],"line":4},"1":{"loc":{"start":{"line":4,"column":8},"end":{"line":4,"column":54}},"type":"binary-expr","locations":[{"start":{"line":4,"column":8},"end":{"line":4,"column":19}},{"start":{"line":4,"column":23},"end":{"line":4,"column":54}}],"line":4}},"s":{"0":0,"1":0,"2":0,"3":0,"4":0,"5":0,"6":0,"7":0},"f":{"0":0,"1":0},"b":{"0":[0,0],"1":[0,0]}}
,"/Users/adamchow/Documents/workspace/Airwallex/Airwallex-test/src/components/App/App.tsx": {"path":"/Users/adamchow/Documents/workspace/Airwallex/Airwallex-test/src/components/App/App.tsx","statementMap":{"0":{"start":{"line":12,"column":21},"end":{"line":12,"column":34}},"1":{"start":{"line":15,"column":4},"end":{"line":24,"column":6}}},"fnMap":{"0":{"name":"App","decl":{"start":{"line":14,"column":9},"end":{"line":14,"column":12}},"loc":{"start":{"line":14,"column":15},"end":{"line":25,"column":1}},"line":14}},"branchMap":{},"s":{"0":2,"1":2},"f":{"0":2},"b":{},"_coverageSchema":"1a1c01bbd47fc00a2c39e90264f33305004495a9","hash":"9089b488a4c3e82243802bbd5bc53c2fb96ecb04"}
,"/Users/adamchow/Documents/workspace/Airwallex/Airwallex-test/src/components/Footer/Footer.tsx": {"path":"/Users/adamchow/Documents/workspace/Airwallex/Airwallex-test/src/components/Footer/Footer.tsx","statementMap":{"0":{"start":{"line":8,"column":4},"end":{"line":15,"column":6}},"1":{"start":{"line":19,"column":4},"end":{"line":35,"column":6}}},"fnMap":{"0":{"name":"Copyright","decl":{"start":{"line":7,"column":9},"end":{"line":7,"column":18}},"loc":{"start":{"line":7,"column":21},"end":{"line":16,"column":1}},"line":7},"1":{"name":"Footer","decl":{"start":{"line":18,"column":9},"end":{"line":18,"column":15}},"loc":{"start":{"line":18,"column":18},"end":{"line":36,"column":1}},"line":18}},"branchMap":{},"s":{"0":2,"1":2},"f":{"0":2,"1":2},"b":{},"_coverageSchema":"1a1c01bbd47fc00a2c39e90264f33305004495a9","hash":"eda8bc609a5e9a7126defd0198a349f8a7ad600a"}
,"/Users/adamchow/Documents/workspace/Airwallex/Airwallex-test/src/components/Forms/InviteForm.tsx": {"path":"/Users/adamchow/Documents/workspace/Airwallex/Airwallex-test/src/components/Forms/InviteForm.tsx","statementMap":{"0":{"start":{"line":25,"column":8},"end":{"line":25,"column":13}},"1":{"start":{"line":27,"column":44},"end":{"line":27,"column":59}},"2":{"start":{"line":28,"column":50},"end":{"line":28,"column":62}},"3":{"start":{"line":29,"column":50},"end":{"line":29,"column":65}},"4":{"start":{"line":31,"column":29},"end":{"line":33,"column":35}},"5":{"start":{"line":35,"column":29},"end":{"line":59,"column":5}},"6":{"start":{"line":36,"column":8},"end":{"line":58,"column":9}},"7":{"start":{"line":40,"column":16},"end":{"line":40,"column":22}},"8":{"start":{"line":42,"column":12},"end":{"line":44,"column":13}},"9":{"start":{"line":43,"column":16},"end":{"line":43,"column":23}},"10":{"start":{"line":46,"column":12},"end":{"line":46,"column":34}},"11":{"start":{"line":48,"column":12},"end":{"line":51,"column":15}},"12":{"start":{"line":53,"column":12},"end":{"line":53,"column":35}},"13":{"start":{"line":54,"column":12},"end":{"line":54,"column":35}},"14":{"start":{"line":56,"column":12},"end":{"line":56,"column":35}},"15":{"start":{"line":57,"column":12},"end":{"line":57,"column":80}},"16":{"start":{"line":61,"column":4},"end":{"line":82,"column":5}},"17":{"start":{"line":62,"column":8},"end":{"line":81,"column":10}},"18":{"start":{"line":84,"column":4},"end":{"line":131,"column":6}}},"fnMap":{"0":{"name":"InviteForm","decl":{"start":{"line":21,"column":9},"end":{"line":21,"column":19}},"loc":{"start":{"line":21,"column":45},"end":{"line":132,"column":1}},"line":21},"1":{"name":"(anonymous_1)","decl":{"start":{"line":24,"column":20},"end":{"line":24,"column":21}},"loc":{"start":{"line":24,"column":26},"end":{"line":24,"column":28}},"line":24},"2":{"name":"(anonymous_2)","decl":{"start":{"line":35,"column":29},"end":{"line":35,"column":30}},"loc":{"start":{"line":35,"column":52},"end":{"line":59,"column":5}},"line":35}},"branchMap":{"0":{"loc":{"start":{"line":23,"column":8},"end":{"line":23,"column":34}},"type":"default-arg","locations":[{"start":{"line":23,"column":21},"end":{"line":23,"column":34}}],"line":23},"1":{"loc":{"start":{"line":24,"column":8},"end":{"line":24,"column":28}},"type":"default-arg","locations":[{"start":{"line":24,"column":20},"end":{"line":24,"column":28}}],"line":24},"2":{"loc":{"start":{"line":31,"column":29},"end":{"line":33,"column":35}},"type":"cond-expr","locations":[{"start":{"line":32,"column":10},"end":{"line":32,"column":16}},{"start":{"line":33,"column":10},"end":{"line":33,"column":35}}],"line":31},"3":{"loc":{"start":{"line":42,"column":12},"end":{"line":44,"column":13}},"type":"if","locations":[{"start":{"line":42,"column":12},"end":{"line":44,"column":13}},{"start":{},"end":{}}],"line":42},"4":{"loc":{"start":{"line":61,"column":4},"end":{"line":82,"column":5}},"type":"if","locations":[{"start":{"line":61,"column":4},"end":{"line":82,"column":5}},{"start":{},"end":{}}],"line":61},"5":{"loc":{"start":{"line":118,"column":26},"end":{"line":125,"column":25}},"type":"binary-expr","locations":[{"start":{"line":118,"column":26},"end":{"line":118,"column":41}},{"start":{"line":119,"column":28},"end":{"line":124,"column":36}}],"line":118}},"s":{"0":3,"1":3,"2":3,"3":3,"4":3,"5":3,"6":1,"7":1,"8":1,"9":0,"10":1,"11":1,"12":1,"13":1,"14":0,"15":0,"16":3,"17":1,"18":2},"f":{"0":3,"1":0,"2":1},"b":{"0":[3],"1":[0],"2":[3,0],"3":[0,1],"4":[1,2],"5":[2,0]},"_coverageSchema":"1a1c01bbd47fc00a2c39e90264f33305004495a9","hash":"74608711836ddcfa2ec09b4c6bf58377f1ac5dca"}
,"/Users/adamchow/Documents/workspace/Airwallex/Airwallex-test/src/components/Header/Header.tsx": {"path":"/Users/adamchow/Documents/workspace/Airwallex/Airwallex-test/src/components/Header/Header.tsx","statementMap":{"0":{"start":{"line":9,"column":4},"end":{"line":17,"column":6}}},"fnMap":{"0":{"name":"Header","decl":{"start":{"line":8,"column":9},"end":{"line":8,"column":15}},"loc":{"start":{"line":8,"column":18},"end":{"line":18,"column":1}},"line":8}},"branchMap":{},"s":{"0":2},"f":{"0":2},"b":{},"_coverageSchema":"1a1c01bbd47fc00a2c39e90264f33305004495a9","hash":"24da48c52a0975b2db1d93b98e5eb2467bd2093c"}
,"/Users/adamchow/Documents/workspace/Airwallex/Airwallex-test/src/components/HeroIntro/HeroIntro.tsx": {"path":"/Users/adamchow/Documents/workspace/Airwallex/Airwallex-test/src/components/HeroIntro/HeroIntro.tsx","statementMap":{"0":{"start":{"line":18,"column":28},"end":{"line":18,"column":49}},"1":{"start":{"line":19,"column":18},"end":{"line":19,"column":28}},"2":{"start":{"line":20,"column":23},"end":{"line":20,"column":66}},"3":{"start":{"line":22,"column":29},"end":{"line":24,"column":5}},"4":{"start":{"line":23,"column":8},"end":{"line":23,"column":22}},"5":{"start":{"line":26,"column":30},"end":{"line":31,"column":5}},"6":{"start":{"line":27,"column":8},"end":{"line":29,"column":9}},"7":{"start":{"line":28,"column":12},"end":{"line":28,"column":19}},"8":{"start":{"line":30,"column":8},"end":{"line":30,"column":23}},"9":{"start":{"line":33,"column":4},"end":{"line":88,"column":6}},"10":{"start":{"line":77,"column":47},"end":{"line":77,"column":72}}},"fnMap":{"0":{"name":"HeroIntro","decl":{"start":{"line":17,"column":9},"end":{"line":17,"column":18}},"loc":{"start":{"line":17,"column":21},"end":{"line":89,"column":1}},"line":17},"1":{"name":"(anonymous_1)","decl":{"start":{"line":22,"column":29},"end":{"line":22,"column":30}},"loc":{"start":{"line":22,"column":35},"end":{"line":24,"column":5}},"line":22},"2":{"name":"(anonymous_2)","decl":{"start":{"line":26,"column":30},"end":{"line":26,"column":31}},"loc":{"start":{"line":26,"column":62},"end":{"line":31,"column":5}},"line":26},"3":{"name":"(anonymous_3)","decl":{"start":{"line":77,"column":41},"end":{"line":77,"column":42}},"loc":{"start":{"line":77,"column":46},"end":{"line":77,"column":73}},"line":77}},"branchMap":{"0":{"loc":{"start":{"line":27,"column":8},"end":{"line":29,"column":9}},"type":"if","locations":[{"start":{"line":27,"column":8},"end":{"line":29,"column":9}},{"start":{},"end":{}}],"line":27}},"s":{"0":7,"1":7,"2":7,"3":7,"4":2,"5":7,"6":0,"7":0,"8":0,"9":7,"10":0},"f":{"0":7,"1":2,"2":0,"3":0},"b":{"0":[0,0]},"_coverageSchema":"1a1c01bbd47fc00a2c39e90264f33305004495a9","hash":"9657d50b64988d4c21a68e292641987f2205f9e6"}
,"/Users/adamchow/Documents/workspace/Airwallex/Airwallex-test/src/components/TextInputField/TextInputField.tsx": {"path":"/Users/adamchow/Documents/workspace/Airwallex/Airwallex-test/src/components/TextInputField/TextInputField.tsx","statementMap":{"0":{"start":{"line":18,"column":8},"end":{"line":18,"column":13}},"1":{"start":{"line":20,"column":26},"end":{"line":20,"column":45}},"2":{"start":{"line":22,"column":4},"end":{"line":34,"column":6}}},"fnMap":{"0":{"name":"TextInputField","decl":{"start":{"line":13,"column":9},"end":{"line":13,"column":23}},"loc":{"start":{"line":13,"column":53},"end":{"line":35,"column":1}},"line":13}},"branchMap":{"0":{"loc":{"start":{"line":16,"column":8},"end":{"line":16,"column":15}},"type":"default-arg","locations":[{"start":{"line":16,"column":13},"end":{"line":16,"column":15}}],"line":16},"1":{"loc":{"start":{"line":25,"column":16},"end":{"line":25,"column":32}},"type":"binary-expr","locations":[{"start":{"line":25,"column":16},"end":{"line":25,"column":18}},{"start":{"line":25,"column":22},"end":{"line":25,"column":32}}],"line":25},"2":{"loc":{"start":{"line":30,"column":19},"end":{"line":30,"column":54}},"type":"binary-expr","locations":[{"start":{"line":30,"column":19},"end":{"line":30,"column":31}},{"start":{"line":30,"column":35},"end":{"line":30,"column":54}}],"line":30},"3":{"loc":{"start":{"line":31,"column":24},"end":{"line":31,"column":50}},"type":"binary-expr","locations":[{"start":{"line":31,"column":24},"end":{"line":31,"column":36}},{"start":{"line":31,"column":40},"end":{"line":31,"column":50}}],"line":31}},"s":{"0":102,"1":102,"2":102},"f":{"0":102},"b":{"0":[0],"1":[102,0],"2":[102,3],"3":[102,3]},"_coverageSchema":"1a1c01bbd47fc00a2c39e90264f33305004495a9","hash":"021f8668037be9def084314eb510b5e16b9f1e52"}
,"/Users/adamchow/Documents/workspace/Airwallex/Airwallex-test/src/constants/apis.ts": {"path":"/Users/adamchow/Documents/workspace/Airwallex/Airwallex-test/src/constants/apis.ts","statementMap":{"0":{"start":{"line":1,"column":25},"end":{"line":1,"column":101}}},"fnMap":{},"branchMap":{},"s":{"0":2},"f":{},"b":{},"_coverageSchema":"1a1c01bbd47fc00a2c39e90264f33305004495a9","hash":"121a11efa80153457f1530e5c48c966efa7acfa1"}
,"/Users/adamchow/Documents/workspace/Airwallex/Airwallex-test/src/services/inviteService.ts": {"path":"/Users/adamchow/Documents/workspace/Airwallex/Airwallex-test/src/services/inviteService.ts","statementMap":{"0":{"start":{"line":11,"column":4},"end":{"line":28,"column":5}},"1":{"start":{"line":12,"column":25},"end":{"line":19,"column":10}},"2":{"start":{"line":21,"column":8},"end":{"line":23,"column":9}},"3":{"start":{"line":22,"column":12},"end":{"line":22,"column":50}},"4":{"start":{"line":25,"column":8},"end":{"line":25,"column":31}},"5":{"start":{"line":27,"column":8},"end":{"line":27,"column":18}}},"fnMap":{"0":{"name":"postInvite","decl":{"start":{"line":9,"column":22},"end":{"line":9,"column":32}},"loc":{"start":{"line":9,"column":51},"end":{"line":29,"column":1}},"line":9}},"branchMap":{"0":{"loc":{"start":{"line":21,"column":8},"end":{"line":23,"column":9}},"type":"if","locations":[{"start":{"line":21,"column":8},"end":{"line":23,"column":9}},{"start":{},"end":{}}],"line":21}},"s":{"0":0,"1":0,"2":0,"3":0,"4":0,"5":0},"f":{"0":0},"b":{"0":[0,0]},"_coverageSchema":"1a1c01bbd47fc00a2c39e90264f33305004495a9","hash":"08377ab7d4df2ba656b81227d1f42d73f8c52e1e"}
,"/Users/adamchow/Documents/workspace/Airwallex/Airwallex-test/src/utils/index.js": {"path":"/Users/adamchow/Documents/workspace/Airwallex/Airwallex-test/src/utils/index.js","statementMap":{"0":{"start":{"line":1,"column":33},"end":{"line":7,"column":1}},"1":{"start":{"line":2,"column":4},"end":{"line":6,"column":5}},"2":{"start":{"line":3,"column":8},"end":{"line":3,"column":36}},"3":{"start":{"line":5,"column":8},"end":{"line":5,"column":25}},"4":{"start":{"line":10,"column":42},"end":{"line":20,"column":1}},"5":{"start":{"line":11,"column":16},"end":{"line":11,"column":18}},"6":{"start":{"line":13,"column":4},"end":{"line":17,"column":7}},"7":{"start":{"line":14,"column":8},"end":{"line":16,"column":9}},"8":{"start":{"line":15,"column":12},"end":{"line":15,"column":26}},"9":{"start":{"line":19,"column":4},"end":{"line":19,"column":15}}},"fnMap":{"0":{"name":"(anonymous_0)","decl":{"start":{"line":1,"column":33},"end":{"line":1,"column":34}},"loc":{"start":{"line":1,"column":43},"end":{"line":7,"column":1}},"line":1},"1":{"name":"(anonymous_1)","decl":{"start":{"line":10,"column":42},"end":{"line":10,"column":43}},"loc":{"start":{"line":10,"column":56},"end":{"line":20,"column":1}},"line":10},"2":{"name":"(anonymous_2)","decl":{"start":{"line":13,"column":32},"end":{"line":13,"column":33}},"loc":{"start":{"line":13,"column":50},"end":{"line":17,"column":5}},"line":13}},"branchMap":{"0":{"loc":{"start":{"line":10,"column":43},"end":{"line":10,"column":51}},"type":"default-arg","locations":[{"start":{"line":10,"column":49},"end":{"line":10,"column":51}}],"line":10},"1":{"loc":{"start":{"line":14,"column":8},"end":{"line":16,"column":9}},"type":"if","locations":[{"start":{"line":14,"column":8},"end":{"line":16,"column":9}},{"start":{},"end":{}}],"line":14}},"s":{"0":3,"1":0,"2":0,"3":0,"4":3,"5":3,"6":3,"7":9,"8":9,"9":3},"f":{"0":0,"1":3,"2":9},"b":{"0":[0],"1":[9,0]},"_coverageSchema":"1a1c01bbd47fc00a2c39e90264f33305004495a9","hash":"bc4bebb9d95b38edfcd1caf4647a50d28b22cf41"}
,"/Users/adamchow/Documents/workspace/Airwallex/Airwallex-test/src/validationSchemas/inviteFormValidationSchema.ts": {"path":"/Users/adamchow/Documents/workspace/Airwallex/Airwallex-test/src/validationSchemas/inviteFormValidationSchema.ts","statementMap":{"0":{"start":{"line":4,"column":42},"end":{"line":16,"column":2}},"1":{"start":{"line":18,"column":46},"end":{"line":18,"column":107}}},"fnMap":{},"branchMap":{},"s":{"0":3,"1":3},"f":{},"b":{},"_coverageSchema":"1a1c01bbd47fc00a2c39e90264f33305004495a9","hash":"930b549e4e07c5ac9f3e640b4269ca969acef2c3"}
}
