TN:
SF:src/index.tsx
FNF:0
FNH:0
DA:7,0
DA:10,0
DA:19,0
LF:3
LH:0
BRF:0
BRH:0
end_of_record
TN:
SF:src/reportWebVitals.ts
FN:3,(anonymous_0)
FN:5,(anonymous_1)
FNF:2
FNH:0
FNDA:0,(anonymous_0)
FNDA:0,(anonymous_1)
DA:3,0
DA:4,0
DA:5,0
DA:6,0
DA:7,0
DA:8,0
DA:9,0
DA:10,0
LF:8
LH:0
BRDA:4,0,0,0
BRDA:4,0,1,0
BRDA:4,1,0,0
BRDA:4,1,1,0
BRF:4
BRH:0
end_of_record
TN:
SF:src/components/App/App.tsx
FN:14,App
FNF:1
FNH:1
FNDA:2,App
DA:12,2
DA:15,2
LF:2
LH:2
BRF:0
BRH:0
end_of_record
TN:
SF:src/components/Footer/Footer.tsx
FN:7,Copyright
FN:18,Footer
FNF:2
FNH:2
FNDA:2,Copyright
FNDA:2,Footer
DA:8,2
DA:19,2
LF:2
LH:2
BRF:0
BRH:0
end_of_record
TN:
SF:src/components/Forms/InviteForm.tsx
FN:21,InviteForm
FN:24,(anonymous_1)
FN:35,(anonymous_2)
FNF:3
FNH:0
FNDA:0,InviteForm
FNDA:0,(anonymous_1)
FNDA:0,(anonymous_2)
DA:25,0
DA:27,0
DA:28,0
DA:29,0
DA:31,0
DA:35,0
DA:36,0
DA:40,0
DA:42,0
DA:43,0
DA:46,0
DA:48,0
DA:53,0
DA:54,0
DA:56,0
DA:57,0
DA:61,0
DA:62,0
DA:84,0
LF:19
LH:0
BRDA:23,0,0,0
BRDA:24,1,0,0
BRDA:31,2,0,0
BRDA:31,2,1,0
BRDA:42,3,0,0
BRDA:42,3,1,0
BRDA:61,4,0,0
BRDA:61,4,1,0
BRDA:118,5,0,0
BRDA:118,5,1,0
BRF:10
BRH:0
end_of_record
TN:
SF:src/components/Header/Header.tsx
FN:8,Header
FNF:1
FNH:1
FNDA:2,Header
DA:9,2
LF:1
LH:1
BRF:0
BRH:0
end_of_record
TN:
SF:src/components/HeroIntro/HeroIntro.tsx
FN:17,HeroIntro
FN:22,(anonymous_1)
FN:26,(anonymous_2)
FN:77,(anonymous_3)
FNF:4
FNH:1
FNDA:2,HeroIntro
FNDA:0,(anonymous_1)
FNDA:0,(anonymous_2)
FNDA:0,(anonymous_3)
DA:18,2
DA:19,2
DA:20,2
DA:22,2
DA:23,0
DA:26,2
DA:27,0
DA:28,0
DA:30,0
DA:33,2
DA:77,0
LF:11
LH:6
BRDA:27,0,0,0
BRDA:27,0,1,0
BRF:2
BRH:0
end_of_record
TN:
SF:src/components/TextInputField/TextInputField.tsx
FN:13,TextInputField
FNF:1
FNH:0
FNDA:0,TextInputField
DA:18,0
DA:20,0
DA:22,0
LF:3
LH:0
BRDA:16,0,0,0
BRDA:25,1,0,0
BRDA:25,1,1,0
BRDA:30,2,0,0
BRDA:30,2,1,0
BRDA:31,3,0,0
BRDA:31,3,1,0
BRF:7
BRH:0
end_of_record
TN:
SF:src/constants/apis.ts
FNF:0
FNH:0
DA:1,2
LF:1
LH:1
BRF:0
BRH:0
end_of_record
TN:
SF:src/services/inviteService.ts
FN:9,postInvite
FNF:1
FNH:0
FNDA:0,postInvite
DA:11,0
DA:12,0
DA:21,0
DA:22,0
DA:25,0
DA:27,0
LF:6
LH:0
BRDA:21,0,0,0
BRDA:21,0,1,0
BRF:2
BRH:0
end_of_record
TN:
SF:src/utils/index.js
FN:1,(anonymous_0)
FN:10,(anonymous_1)
FN:13,(anonymous_2)
FNF:3
FNH:2
FNDA:0,(anonymous_0)
FNDA:2,(anonymous_1)
FNDA:6,(anonymous_2)
DA:1,2
DA:2,0
DA:3,0
DA:5,0
DA:10,2
DA:11,2
DA:13,2
DA:14,6
DA:15,6
DA:19,2
LF:10
LH:7
BRDA:10,0,0,0
BRDA:14,1,0,6
BRDA:14,1,1,0
BRF:3
BRH:1
end_of_record
TN:
SF:src/validationSchemas/inviteFormValidationSchema.ts
FNF:0
FNH:0
DA:4,2
DA:18,2
LF:2
LH:2
BRF:0
BRH:0
end_of_record
