TN:
SF:src/index.tsx
FNF:0
FNH:0
DA:7,0
DA:10,0
DA:19,0
LF:3
LH:0
BRF:0
BRH:0
end_of_record
TN:
SF:src/reportWebVitals.ts
FN:3,(anonymous_0)
FN:5,(anonymous_1)
FNF:2
FNH:0
FNDA:0,(anonymous_0)
FNDA:0,(anonymous_1)
DA:3,0
DA:4,0
DA:5,0
DA:6,0
DA:7,0
DA:8,0
DA:9,0
DA:10,0
LF:8
LH:0
BRDA:4,0,0,0
BRDA:4,0,1,0
BRDA:4,1,0,0
BRDA:4,1,1,0
BRF:4
BRH:0
end_of_record
TN:
SF:src/components/App/App.tsx
FN:14,App
FNF:1
FNH:1
FNDA:2,App
DA:12,2
DA:15,2
LF:2
LH:2
BRF:0
BRH:0
end_of_record
TN:
SF:src/components/Footer/Footer.tsx
FN:7,Copyright
FN:18,Footer
FNF:2
FNH:2
FNDA:2,Copyright
FNDA:2,Footer
DA:8,2
DA:19,2
LF:2
LH:2
BRF:0
BRH:0
end_of_record
TN:
SF:src/components/Forms/InviteForm.tsx
FN:21,InviteForm
FN:24,(anonymous_1)
FN:35,(anonymous_2)
FNF:3
FNH:2
FNDA:3,InviteForm
FNDA:0,(anonymous_1)
FNDA:1,(anonymous_2)
DA:25,3
DA:27,3
DA:28,3
DA:29,3
DA:31,3
DA:35,3
DA:36,1
DA:40,1
DA:42,1
DA:43,0
DA:46,1
DA:48,1
DA:53,1
DA:54,1
DA:56,0
DA:57,0
DA:61,3
DA:62,1
DA:84,2
LF:19
LH:16
BRDA:23,0,0,3
BRDA:24,1,0,0
BRDA:31,2,0,3
BRDA:31,2,1,0
BRDA:42,3,0,0
BRDA:42,3,1,1
BRDA:61,4,0,1
BRDA:61,4,1,2
BRDA:118,5,0,2
BRDA:118,5,1,0
BRF:10
BRH:6
end_of_record
TN:
SF:src/components/Header/Header.tsx
FN:8,Header
FNF:1
FNH:1
FNDA:2,Header
DA:9,2
LF:1
LH:1
BRF:0
BRH:0
end_of_record
TN:
SF:src/components/HeroIntro/HeroIntro.tsx
FN:17,HeroIntro
FN:22,(anonymous_1)
FN:26,(anonymous_2)
FN:77,(anonymous_3)
FNF:4
FNH:2
FNDA:7,HeroIntro
FNDA:2,(anonymous_1)
FNDA:0,(anonymous_2)
FNDA:0,(anonymous_3)
DA:18,7
DA:19,7
DA:20,7
DA:22,7
DA:23,2
DA:26,7
DA:27,0
DA:28,0
DA:30,0
DA:33,7
DA:77,0
LF:11
LH:7
BRDA:27,0,0,0
BRDA:27,0,1,0
BRF:2
BRH:0
end_of_record
TN:
SF:src/components/TextInputField/TextInputField.tsx
FN:13,TextInputField
FNF:1
FNH:1
FNDA:102,TextInputField
DA:18,102
DA:20,102
DA:22,102
LF:3
LH:3
BRDA:16,0,0,0
BRDA:25,1,0,102
BRDA:25,1,1,0
BRDA:30,2,0,102
BRDA:30,2,1,3
BRDA:31,3,0,102
BRDA:31,3,1,3
BRF:7
BRH:5
end_of_record
TN:
SF:src/constants/apis.ts
FNF:0
FNH:0
DA:1,2
LF:1
LH:1
BRF:0
BRH:0
end_of_record
TN:
SF:src/services/inviteService.ts
FN:9,postInvite
FNF:1
FNH:0
FNDA:0,postInvite
DA:11,0
DA:12,0
DA:21,0
DA:22,0
DA:25,0
DA:27,0
LF:6
LH:0
BRDA:21,0,0,0
BRDA:21,0,1,0
BRF:2
BRH:0
end_of_record
TN:
SF:src/utils/index.js
FN:1,(anonymous_0)
FN:10,(anonymous_1)
FN:13,(anonymous_2)
FNF:3
FNH:2
FNDA:0,(anonymous_0)
FNDA:3,(anonymous_1)
FNDA:9,(anonymous_2)
DA:1,3
DA:2,0
DA:3,0
DA:5,0
DA:10,3
DA:11,3
DA:13,3
DA:14,9
DA:15,9
DA:19,3
LF:10
LH:7
BRDA:10,0,0,0
BRDA:14,1,0,9
BRDA:14,1,1,0
BRF:3
BRH:1
end_of_record
TN:
SF:src/validationSchemas/inviteFormValidationSchema.ts
FNF:0
FNH:0
DA:4,3
DA:18,3
LF:2
LH:2
BRF:0
BRH:0
end_of_record
